7400.GPU-567.enhancement
7405.GPU-599.enhancement
7407.GPU-566.enhancement
7415.GPU-734.enhancement
7416.GPU-718.manualchange
7417.GPU-718.enhancement
7420.GPU-674.manualchange
7431.GPU-674.enhancement
7447.GPU-783.manualchange
7454.enhancement
7455.SUP-15367.bugfix
7456.SUP-15423.bugfix
7457.SUP-15432.bugfix
7458.SUP-15433.bugfix
7459.SUP-15405.bugfix
7460.SUP-15441.bugfix
7461.SUP-15461.bugfix
7463.SUP-15452.enhancement
7466.GPU-898.enhancement
7467.SUP-15403.bugfix
7469.SUP-15439.bugfix
7470.SUP-15062.enhancement
7471.SUP-15444.bugfix
7472.SUP-15473.bugfix
7473.SUP-15298.enhancement
7474.SUP-15442.bugfix
7477.SUP-15479.bugfix
7479.SUP-15450.bugfix
7497.SUP-15509.bugfix
7499.SUP-15288.bugfix
7500.SUP-15485.bugfix
7501.SUP-15498.documentation
7505.GPU-1159.enhancement
7510.SUP-15541.bugfix
7514.GPU-1159.enhancement
7517.SUP-15538.bugfix
7519.SUP-15559.bugfix
7523.GPU-1059.enhancement
7534.SUP-15583.bugfix
7537.SUP-15610.enhancement
7539.SUP-15658.documentation
7543.SUP-15578.bugfix
7548.SUP-15622.bugfix
7553.SUP-15732.bugfix
7555.SUP-15727.bugfix
7556.SUP-15693.bugfix
7557.SUP-15749.bugfix
7558.SUP-15796.documentation
7561.GPU-1115.enhancement
7562.SUP-15821.bugfix
7563.SUP-15739.documentation
7566.SUP-15795.bugfix
7575.GPU-937.enhancement
7576.GPU-895.enhancement
7578.GPU-676.enhancement
7583.SUP-15890.bugfix
7584.SUP-15660.bugfix
7585.SUP-15727.bugfix
7587.SUP-15925.bugfix
7601.SUP-15945.bugfix
7606.SUP-16037.bugfix
7607.SUP-16029.bugfix
7609.SUP-15901.enhancement
7610.SUP-16066.bugfix
7611.SUP-15965.bugfix
7612.SUP-16062.bugfix
7613.SUP-16042.bugfix
7624.SUP-15727.bugfix
7625.SUP-15727.bugfix
7626.SUP-16085.bugfix
7627.SUP-15921.bugfix
7628.SUP-15790.documentation
7630.SUP-16080.bugfix
7631.SUP-16072.bugfix
7632.SUP-16032.enhancement
7633.SUP-16072.bugfix
7642.SUP-15906.bugfix
7643.SUP-16045.bugfix
7647.SUP-16079.bugfix
7648.SUP-15453.bugfix
7649.SUP-16187.bugfix
7435.SUP-15059.bugfix
7438.SUP-15061.bugfix
7663.SUP-16226.bugfix
7669.SUP-16277.bugfix
7671.SUP-15874.bugfix
7672.SUP-15873.bugfix
7683.SUP-16316.bugfix
7685.SUP-15659.bugfix
7687.SUP-16344.bugfix
7688.SUP-16356.bugfix
7689.SUP-16369.bugfix
7705.SUP-16395.bugfix
7706.SUP-16395.bugfix
7708.SUP-16408.bugfix
7709.SUP-12845.documentation
7711.SUP-12268.bugfix
7712.SUP-14954.bugfix
7713.SUP-16211.bugfix
7717.SUP-9507.enhancement
7722.SUP-16004.bugfix
7723.SUP-15443.bugfix
7726.SUP-16530.documentation
7727.SUP-15090.bugfix
7728.SUP-16204.bugfix
7729.SUP-16359.bugfix
7730.GPU-1465.optional-manualchange
7732.GPU-1465.enhancement
7733.SUP-15914.bugfix
7736.SUP-16409.bugfix
7738.SUP-15914.manualchange
7739.SUP-15995.bugfix
7740.SUP-16586.bugfix
7754.SUP-16609.bugfix
7755.SUP-15810.bugfix
7759.SUP-15836.bugfix
7760.SUP-16632.bugfix
7762.SUP-16644.bugfix
7763.SUP-16644.bugfix
7765.SUP-16648.bugfix
7766.GPU-353.enhancement
7767.GPU-943.optional-manualchange
7768.GPU-1116.enhancement
7771.SUP-16646.bugfix
7776.SUP-15801.bugfix
7777.SUP-15742.bugfix
7781.GPU-1253.enhancement
7782.GPU-1252.documentation
7783.GPU-933.enhancement
7784.GPU-942.enhancement
7785.GPU-1543.enhancement
7786.GPU-938.enhancement
7787.SUP-16699.bugfix
7788.SUP-16698.bugfix
7790.SUP-16723.bugfix
7794.SUP-15445.bugfix
7795.SUP-16734.bugfix
7796.SUP-15564.bugfix
7797.SUP-15465.bugfix
7798.SUP-16742.bugfix
7800.SUP-16264.bugfix
7801.SUP-16544.bugfix
7802.SUP-15490.bugfix
7803.SUP-15490.bugfix
7810.SUP-16755.bugfix
7813.SUP-16125.bugfix
7814.SUP-15387.bugfix
7819.SUP-16773.bugfix
7823.SUP-15661.bugfix
7825.SUP-16087.bugfix
7826.SUP-16834.documentation
7827.SUP-16764.bugfix
7835.SUP-16559.bugfix
7836.SUP-16705.bugfix
7837.SUP-16705.bugfix
7838.SUP-16705.bugfix
7839.SUP-16705.documentation
7854.SUP-16852.bugfix
7844.SUP-15392.bugfix
7846.SUP-15556.bugfix
7852.SUP-16869.bugfix
7853.SUP-16905.enhancement
7859.SUP-16852.bugfix
7864.SUP-16771.bugfix
7866.SUP-16909.bugfix
7869.SUP-16927.bugfix
7871.SUP-16997.bugfix
7872.SUP-16993.bugfix
7873.SUP-5894.bugfix
7877.SUP-16695.bugfix
7878.SUP-16696.bugfix
7881.SUP-16928.bugfix
7883.SUP-16761.bugfix
7889.SUP-17007.bugfix
7900.SUP-16839.bugfix
7901.SUP-17092.bugfix
7902.SUP-17113.documentation
7906.SUP-17045.bugfix
7910.SUP-17093.bugfix
7916.SUP-17123.enhancement
7917.SUP-17028.bugfix
7918.SUP-16581.bugfix
7920.SUP-16429.bugfix
7921.SUP-16605.bugfix
7927.SUP-17172.bugfix
7928.SUP-15430.bugfix
7929.SUP-17199.bugfix
7930.SUP-17194.bugfix
7942.SUP-17256.bugfix
7943.SUP-15808.bugfix
7944.SUP-17281.bugfix
7954.SUP-17255.bugfix
7953.SUP-17263.bugfix
7955.SUP-17319.bugfix
7963.SUP-17445.bugfix
7964.SUP-17446.bugfix
7965.SUP-17446.bugfix
7967.SUP-17442.bugfix
7978.SUP-17467.bugfix
7982.SUP-17223.bugfix
7926.SUP-16786.bugfix
7986.SUP-17371.bugfix
7997.SUP-17462.bugfix
7999.SUP-17542.bugfix
8004.SUP-17376.bugfix
8005.SUP-17559.bugfix
8008.SUP-17588.bugfix
8010.SUP-17202.bugfix
8012.SUP-17472.bugfix
8013.SUP-16786.optional-manualchange
8014.SUP-16786.bugfix
8015.SUP-16786.bugfix
8018.SUP-17587.bugfix
8021.SUP-17472.bugfix
8022.SUP-17188.bugfix
8023.SUP-17586.bugfix
8024.SUP-17615.bugfix
8025.SUP-17602.bugfix
8026.SUP-17299.bugfix
8027.SUP-17208.bugfix
8035.SUP-17507.bugfix
8037.SUP-17502.bugfix
8038.SUP-17502.bugfix
8039.SUP-17287.documentation
8044.SUP-17665.bugfix
8046.SUP-17688.bugfix
8051.SUP-17694.bugfix
8057.SUP-17594.bugfix
8058.SUP-17822.bugfix
8060.SUP-17207.bugfix
8061.SUP-17849.bugfix
8062.SUP-17795.bugfix
8073.SUP-17701.bugfix
8078.SUP-17766.bugfix
8079.SUP-17864.bugfix
