7400.GPU-567.enhancement
7405.GPU-599.enhancement
7407.GPU-566.enhancement
7415.GPU-734.enhancement
7416.GPU-718.manualchange
7417.GPU-718.enhancement
7420.GPU-674.manualchange
7431.GPU-674.enhancement
7447.GPU-783.manualchange
7454.enhancement
7455.SUP-15367.bugfix
7456.SUP-15423.bugfix
7457.SUP-15432.bugfix
7458.SUP-15433.bugfix
7459.SUP-15405.bugfix
7460.SUP-15441.bugfix
7461.SUP-15461.bugfix
7463.SUP-15452.enhancement
7466.GPU-898.enhancement
7467.SUP-15403.bugfix
7469.SUP-15439.bugfix
7470.SUP-15062.enhancement
7471.SUP-15444.bugfix
7472.SUP-15473.bugfix
7473.SUP-15298.enhancement
7474.SUP-15442.bugfix
7477.SUP-15479.bugfix
7479.SUP-15450.bugfix
7497.SUP-15509.bugfix
7499.SUP-15288.bugfix
7500.SUP-15485.bugfix
7501.SUP-15498.documentation
7505.GPU-1159.enhancement
7510.SUP-15541.bugfix
7514.GPU-1159.enhancement
7517.SUP-15538.bugfix
7519.SUP-15559.bugfix
7523.GPU-1059.enhancement
7534.SUP-15583.bugfix
7537.SUP-15610.enhancement
7539.SUP-15658.documentation
7543.SUP-15578.bugfix
7548.SUP-15622.bugfix
7553.SUP-15732.bugfix
7555.SUP-15727.bugfix
7556.SUP-15693.bugfix
7557.SUP-15749.bugfix
7558.SUP-15796.documentation
7561.GPU-1115.enhancement
7562.SUP-15821.bugfix
7563.SUP-15739.documentation
7566.SUP-15795.bugfix
7575.GPU-937.enhancement
7576.GPU-895.enhancement
7578.GPU-676.enhancement
7583.SUP-15890.bugfix
7584.SUP-15660.bugfix
7585.SUP-15727.bugfix
7587.SUP-15925.bugfix
7601.SUP-15945.bugfix
7606.SUP-16037.bugfix
7607.SUP-16029.bugfix
7609.SUP-15901.enhancement
7610.SUP-16066.bugfix
7611.SUP-15965.bugfix
7612.SUP-16062.bugfix
7613.SUP-16042.bugfix
7624.SUP-15727.bugfix
7625.SUP-15727.bugfix
7626.SUP-16085.bugfix
7627.SUP-15921.bugfix
7628.SUP-15790.documentation
7630.SUP-16080.bugfix
7631.SUP-16072.bugfix
7632.SUP-16032.enhancement
7633.SUP-16072.bugfix
7642.SUP-15906.bugfix
7643.SUP-16045.bugfix
7647.SUP-16079.bugfix
7648.SUP-15453.bugfix
7649.SUP-16187.bugfix
7435.SUP-15059.bugfix
7438.SUP-15061.bugfix
7663.SUP-16226.bugfix
7669.SUP-16277.bugfix
7671.SUP-15874.bugfix
7672.SUP-15873.bugfix
7683.SUP-16316.bugfix
7685.SUP-15659.bugfix
7687.SUP-16344.bugfix
7688.SUP-16356.bugfix
7689.SUP-16369.bugfix
7705.SUP-16395.bugfix
7706.SUP-16395.bugfix
7708.SUP-16408.bugfix
7709.SUP-12845.documentation
7711.SUP-12268.bugfix
7712.SUP-14954.bugfix
7713.SUP-16211.bugfix
7717.SUP-9507.enhancement
7722.SUP-16004.bugfix
7723.SUP-15443.bugfix
7726.SUP-16530.documentation
7727.SUP-15090.bugfix
7728.SUP-16204.bugfix
7729.SUP-16359.bugfix
7730.GPU-1465.optional-manualchange
7732.GPU-1465.enhancement
7733.SUP-15914.bugfix
7736.SUP-16409.bugfix
7738.SUP-15914.manualchange
7739.SUP-15995.bugfix
7740.SUP-16586.bugfix
7754.SUP-16609.bugfix
7755.SUP-15810.bugfix
7759.SUP-15836.bugfix
7760.SUP-16632.bugfix
7762.SUP-16644.bugfix
7763.SUP-16644.bugfix
7765.SUP-16648.bugfix
7766.GPU-353.enhancement
7767.GPU-943.optional-manualchange
7768.GPU-1116.enhancement
7771.SUP-16646.bugfix
7776.SUP-15801.bugfix
7777.SUP-15742.bugfix
7781.GPU-1253.enhancement
7782.GPU-1252.documentation
7783.GPU-933.enhancement
7784.GPU-942.enhancement
7785.GPU-1543.enhancement
7786.GPU-938.enhancement
7787.SUP-16699.bugfix
7788.SUP-16698.bugfix
7790.SUP-16723.bugfix
7794.SUP-15445.bugfix
7795.SUP-16734.bugfix
7796.SUP-15564.bugfix
7797.SUP-15465.bugfix
7798.SUP-16742.bugfix
7800.SUP-16264.bugfix
7801.SUP-16544.bugfix
7802.SUP-15490.bugfix
7803.SUP-15490.bugfix
7810.SUP-16755.bugfix
7813.SUP-16125.bugfix
7814.SUP-15387.bugfix
7819.SUP-16773.bugfix
7823.SUP-15661.bugfix
7825.SUP-16087.bugfix
7826.SUP-16834.documentation
7827.SUP-16764.bugfix
7835.SUP-16559.bugfix
7836.SUP-16705.bugfix
7837.SUP-16705.bugfix
7838.SUP-16705.bugfix
7839.SUP-16705.documentation
7854.SUP-16852.bugfix
7844.SUP-15392.bugfix
7846.SUP-15556.bugfix
7852.SUP-16869.bugfix
7853.SUP-16905.enhancement
7859.SUP-16852.bugfix
7864.SUP-16771.bugfix
7866.SUP-16909.bugfix
7869.SUP-16927.bugfix
7871.SUP-16997.bugfix
7872.SUP-16993.bugfix
7873.SUP-5894.bugfix
7877.SUP-16695.bugfix
7878.SUP-16696.bugfix
7881.SUP-16928.bugfix
7883.SUP-16761.bugfix
7886.GPU-1604.enhancement
7889.SUP-17007.bugfix
7900.SUP-16839.bugfix
7901.SUP-17092.bugfix
7902.SUP-17113.documentation
7906.SUP-17045.bugfix
7910.SUP-17093.bugfix
7916.SUP-17123.enhancement
7917.SUP-17028.bugfix
7918.SUP-16581.bugfix
7919.GPU-1708.enhancement
7920.SUP-16429.bugfix
7921.SUP-16605.bugfix
7927.SUP-17172.bugfix
7928.SUP-15430.bugfix
7929.SUP-17199.bugfix
7930.SUP-17194.bugfix
7942.SUP-17256.bugfix
7943.SUP-15808.bugfix
7944.SUP-17281.bugfix
7954.SUP-17255.bugfix
7948.GPU-1711.enhancement
7953.SUP-17263.bugfix
7955.SUP-17319.bugfix
7963.SUP-17445.bugfix
7964.SUP-17446.bugfix
7965.SUP-17446.bugfix
7967.SUP-17442.bugfix
7978.SUP-17467.bugfix
7982.SUP-17223.bugfix
7926.SUP-16786.bugfix
7986.SUP-17371.bugfix
7997.SUP-17462.bugfix
7999.SUP-17542.bugfix
8001.GPU-1805.enhancement
8004.SUP-17376.bugfix
8005.SUP-17559.bugfix
8008.SUP-17588.bugfix
8010.SUP-17202.bugfix
8012.SUP-17472.bugfix
8013.SUP-16786.optional-manualchange
8014.SUP-16786.bugfix
8015.SUP-16786.bugfix
8018.SUP-17587.bugfix
8021.SUP-17472.bugfix
8022.SUP-17188.bugfix
8023.SUP-17586.bugfix
8024.SUP-17615.bugfix
8025.SUP-17602.bugfix
8026.SUP-17299.bugfix
8027.SUP-17208.bugfix
8035.SUP-17507.bugfix
8037.SUP-17502.bugfix
8038.SUP-17502.bugfix
8039.SUP-17287.documentation
8044.SUP-17665.bugfix
8046.SUP-17688.bugfix
8051.SUP-17694.bugfix
8055.GPU-1851.optional-manualchange
8057.SUP-17594.bugfix
8058.SUP-17822.bugfix
8060.SUP-17207.bugfix
8061.SUP-17849.bugfix
8062.SUP-17795.bugfix
8066.GPU-1606.enhancement
8073.SUP-17701.bugfix
8078.SUP-17766.bugfix
8079.SUP-17864.bugfix
8081.SUP-17887.bugfix
8084.SUP-17885.bugfix
8086.SUP-17891.bugfix
8087.SUP-17881.bugfix
8089.SUP-17877.bugfix
8090.SUP-17899.bugfix
8091.SUP-17860.bugfix
8093.bugfix
8100.SUP-17963.bugfix
8101.SUP-17590.bugfix
8102.SUP-17590.enhancement
8108.SUP-17994.bugfix
8109.SUP-17980.optional-manualchange
8110.SUP-17986.bugfix
8111.SUP-17183.bugfix
8112.SUP-17964.bugfix
8114.SUP-17941.bugfix
8116.SUP-17941.bugfix
8117.SUP-18031.bugfix
8120.SUP-18032.bugfix
8121.SUP-18035.bugfix
8122.SUP-17987.bugfix
8218.SUP-18349.bugfix
8123.SUP-17536.bugfix
8128.SUP-17912.bugfix
8129.SUP-17525.bugfix
8131.SUP-17060.bugfix
8132.SUP-16566.bugfix
8133.SUP-17353.bugfix
8134.SUP-17792.enhancement
8135.SUP-17402.bugfix
8137.SUP-17369.bugfix
8138.SUP-17749.bugfix
8139.SUP-17501.enhancement
8140.SUP-17633.bugfix
8141.SUP-18079.bugfix
8149.SUP-18072.enhancement
8150.SUP-18083.enhancement
8151.SUP-18092.bugfix
8153.SUP-17206.bugfix
8154.SUP-18060.bugfix
8155.SUP-17875.bugfix
8158.SUP-17951.bugfix
8160.SUP-16591.bugfix
8161.SUP-18066.bugfix
8163.SUP-17216.enhancement
8164.SUP-15751.bugfix
8165.SUP-18109.bugfix
8166.SUP-16772.bugfix
8167.SUP-17209.bugfix
8168.SUP-17545.bugfix
8169.SUP-17177.bugfix
8177.SUP-17776.enhancement
8178.SUP-18179.bugfix
8179.SUP-18180.documentation
8180.SUP-18179.bugfix
8181.GPU-1898.enhancement
8184.SUP-18194.bugfix
8187.SUP-18198.bugfix
8190.SUP-18150.bugfix
8193.SUP-18222.bugfix
8194.SUP-18213.bugfix
8201.SUP-18254.bugfix
8202.SUP-18217.bugfix
8203.SUP-18263.bugfix
8204.SUP-18259.bugfix
8214.GPU-1908.enhancement
8220.SUP-18307.bugfix
8221.SUP-18259.bugfix
8222.SUP-18320.documentation
8223.SUP-18320.optional-manualchange
8225.SUP-18372.bugfix
8226.SUP-18367.bugfix
8227.SUP-18367.optional-manualchange
8228.SUP-18376.bugfix
8231.GPU-1914.enhancement
8234.SUP-18266.documentation
8238.SUP-18389.bugfix
8240.SUP-18320.bugfix
8241.SUP-18415.bugfix
8244.SUP-18399.bugfix
8246.SUP-18442.enhancement
8247.SUP-18395.bugfix
8248.SUP-18440.bugfix
8249.SUP-18470.bugfix
8252.SUP-18457.bugfix
8257.SUP-18495.bugfix
8266.SUP-18497.bugfix
8267.SUP-18524.bugfix
8270.SUP-18540.bugfix
8272.SUP-18541.bugfix
8289.bugfix
